Using pre-set license
Built from '6000.0/staging' branch; Version is '6000.0.32f1 (b2e806cf271c) revision 11724806'; Using compiler version '193933523'; Build Type 'Release'
OS: 'Windows 10  (10.0.19045) 64bit CoreSingleLanguage' Language: 'en' Physical Memory: 7975 MB
BatchMode: 1, IsHumanControllingUs: 0, StartBugReporterOnCrash: 0, Is64bit: 1, IsPro: 1

COMMAND LINE ARGUMENTS:
C:\Program Files\Unity\Hub\Editor\6000.0.32f1\Editor\Unity.exe
-adb2
-batchMode
-noUpm
-name
AssetImportWorker1
-projectPath
D:/FPTU/Spring2025/PRU212/Lab2/Snowboard Blitz
-logFile
Logs/AssetImportWorker1.log
-srvPort
55936
-job-worker-count
3
-background-job-worker-count
8
-gc-helper-count
1
Successfully changed project path to: D:/FPTU/Spring2025/PRU212/Lab2/Snowboard Blitz
D:/FPTU/Spring2025/PRU212/Lab2/Snowboard Blitz
[UnityMemory] Configuration Parameters - Can be set up in boot.config
    "memorysetup-bucket-allocator-granularity=16"
    "memorysetup-bucket-allocator-bucket-count=8"
    "memorysetup-bucket-allocator-block-size=33554432"
    "memorysetup-bucket-allocator-block-count=8"
    "memorysetup-main-allocator-block-size=16777216"
    "memorysetup-thread-allocator-block-size=16777216"
    "memorysetup-gfx-main-allocator-block-size=16777216"
    "memorysetup-gfx-thread-allocator-block-size=16777216"
    "memorysetup-cache-allocator-block-size=4194304"
    "memorysetup-typetree-allocator-block-size=2097152"
    "memorysetup-profiler-bucket-allocator-granularity=16"
    "memorysetup-profiler-bucket-allocator-bucket-count=8"
    "memorysetup-profiler-bucket-allocator-block-size=33554432"
    "memorysetup-profiler-bucket-allocator-block-count=8"
    "memorysetup-profiler-allocator-block-size=16777216"
    "memorysetup-profiler-editor-allocator-block-size=1048576"
    "memorysetup-temp-allocator-size-main=16777216"
    "memorysetup-job-temp-allocator-block-size=2097152"
    "memorysetup-job-temp-allocator-block-size-background=1048576"
    "memorysetup-job-temp-allocator-reduction-small-platforms=262144"
    "memorysetup-allocator-temp-initial-block-size-main=262144"
    "memorysetup-allocator-temp-initial-block-size-worker=262144"
    "memorysetup-temp-allocator-size-background-worker=32768"
    "memorysetup-temp-allocator-size-job-worker=262144"
    "memorysetup-temp-allocator-size-preload-manager=33554432"
    "memorysetup-temp-allocator-size-nav-mesh-worker=65536"
    "memorysetup-temp-allocator-size-audio-worker=65536"
    "memorysetup-temp-allocator-size-cloud-worker=32768"
    "memorysetup-temp-allocator-size-gi-baking-worker=262144"
    "memorysetup-temp-allocator-size-gi-baking-worker=262144"
    "memorysetup-temp-allocator-size-gi-baking-worker=262144"
    "memorysetup-temp-allocator-size-gi-baking-worker=262144"
    "memorysetup-temp-allocator-size-gi-baking-worker=262144"
    "memorysetup-temp-allocator-size-gfx=262144"
Player connection [21380]  Target information:

Player connection [21380]  * "[IP] 192.168.1.17 [Port] 0 [Flags] 2 [Guid] 2484998031 [EditorId] 2484998031 [Version] 1048832 [Id] WindowsEditor(7,LAPTOP-RK55B73L) [Debug] 1 [PackageName] WindowsEditor [ProjectName] Editor" 

Player connection [21380] Host joined multi-casting on [225.0.0.222:54997]...
Player connection [21380] Host joined alternative multi-casting on [225.0.0.222:34997]...
JobSystem: Creating JobQueue using job-worker-count value 3
[Physics::Module] Initialized fallback backend.
[Physics::Module] Id: 0xdecafbad
Library Redirect Path: Library/
[Physics::Module] Selected backend.
[Physics::Module] Name: PhysX
[Physics::Module] Id: 0xf2b8ea05
[Physics::Module] SDK Version: 4.1.2
[Physics::Module] Integration Version: 1.0.0
[Physics::Module] Threading Mode: Multi-Threaded
Refreshing native plugins compatible for Editor in 704.40 ms, found 4 plugins.
Preloading 0 native plugins for Editor in 0.00 ms.
Initialize engine version: 6000.0.32f1 (b2e806cf271c)
[Subsystems] Discovering subsystems at path C:/Program Files/Unity/Hub/Editor/6000.0.32f1/Editor/Data/Resources/UnitySubsystems
[Subsystems] Discovering subsystems at path D:/FPTU/Spring2025/PRU212/Lab2/Snowboard Blitz/Assets
GfxDevice: creating device client; kGfxThreadingModeNonThreaded
Direct3D:
    Version:  Direct3D 11.0 [level 11.1]
    Renderer: Intel(R) Iris(R) Xe Graphics (ID=0x9a49)
    Vendor:   Intel
    VRAM:     3987 MB
    Driver:   30.0.101.1692
Initialize mono
Mono path[0] = 'C:/Program Files/Unity/Hub/Editor/6000.0.32f1/Editor/Data/Managed'
Mono path[1] = 'C:/Program Files/Unity/Hub/Editor/6000.0.32f1/Editor/Data/MonoBleedingEdge/lib/mono/unityjit-win32'
Mono config path = 'C:/Program Files/Unity/Hub/Editor/6000.0.32f1/Editor/Data/MonoBleedingEdge/etc'
Using monoOptions --debugger-agent=transport=dt_socket,embedding=1,server=y,suspend=n,address=127.0.0.1:56656
Begin MonoManager ReloadAssembly
Registering precompiled unity dll's ...
Register platform support module: C:/Program Files/Unity/Hub/Editor/6000.0.32f1/Editor/Data/PlaybackEngines/WebGLSupport/UnityEditor.WebGL.Extensions.dll
Register platform support module: C:/Program Files/Unity/Hub/Editor/6000.0.32f1/Editor/Data/PlaybackEngines/WindowsStandaloneSupport/UnityEditor.WindowsStandalone.Extensions.dll
Registered in 0.014038 seconds.
- Loaded All Assemblies, in  0.928 seconds
Native extension for WindowsStandalone target not found
Native extension for WebGL target not found
Mono: successfully reloaded assembly
- Finished resetting the current domain, in  0.658 seconds
Domain Reload Profiling: 1584ms
	BeginReloadAssembly (322ms)
		ExecutionOrderSort (0ms)
		DisableScriptedObjects (0ms)
		BackupInstance (0ms)
		ReleaseScriptingObjects (0ms)
		CreateAndSetChildDomain (2ms)
	RebuildCommonClasses (77ms)
	RebuildNativeTypeToScriptingClass (22ms)
	initialDomainReloadingComplete (148ms)
	LoadAllAssembliesAndSetupDomain (354ms)
		LoadAssemblies (316ms)
		RebuildTransferFunctionScriptingTraits (0ms)
		AnalyzeDomain (345ms)
			TypeCache.Refresh (340ms)
				TypeCache.ScanAssembly (311ms)
			BuildScriptInfoCaches (1ms)
			ResolveRequiredComponents (2ms)
	FinalizeReload (660ms)
		ReleaseScriptCaches (0ms)
		RebuildScriptCaches (0ms)
		SetupLoadedEditorAssemblies (563ms)
			LogAssemblyErrors (0ms)
			InitializePlatformSupportModulesInManaged (45ms)
			SetLoadedEditorAssemblies (9ms)
			BeforeProcessingInitializeOnLoad (99ms)
			ProcessInitializeOnLoadAttributes (288ms)
			ProcessInitializeOnLoadMethodAttributes (122ms)
			AfterProcessingInitializeOnLoad (0ms)
			EditorAssembliesLoaded (0ms)
		ExecutionOrderSort2 (0ms)
		AwakeInstancesAfterBackupRestoration (0ms)
========================================================================
Worker process is ready to serve import requests
Import Worker Mode flag is 0x00
Begin MonoManager ReloadAssembly
- Loaded All Assemblies, in  2.100 seconds
Refreshing native plugins compatible for Editor in 2.12 ms, found 4 plugins.
Native extension for WindowsStandalone target not found
Native extension for WebGL target not found
Mono: successfully reloaded assembly
- Finished resetting the current domain, in  1.840 seconds
Domain Reload Profiling: 3932ms
	BeginReloadAssembly (309ms)
		ExecutionOrderSort (0ms)
		DisableScriptedObjects (13ms)
		BackupInstance (0ms)
		ReleaseScriptingObjects (0ms)
		CreateAndSetChildDomain (52ms)
	RebuildCommonClasses (81ms)
	RebuildNativeTypeToScriptingClass (30ms)
	initialDomainReloadingComplete (72ms)
	LoadAllAssembliesAndSetupDomain (1600ms)
		LoadAssemblies (1151ms)
		RebuildTransferFunctionScriptingTraits (0ms)
		AnalyzeDomain (636ms)
			TypeCache.Refresh (447ms)
				TypeCache.ScanAssembly (408ms)
			BuildScriptInfoCaches (159ms)
			ResolveRequiredComponents (19ms)
	FinalizeReload (1841ms)
		ReleaseScriptCaches (0ms)
		RebuildScriptCaches (0ms)
		SetupLoadedEditorAssemblies (1572ms)
			LogAssemblyErrors (0ms)
			InitializePlatformSupportModulesInManaged (6ms)
			SetLoadedEditorAssemblies (6ms)
			BeforeProcessingInitializeOnLoad (214ms)
			ProcessInitializeOnLoadAttributes (739ms)
			ProcessInitializeOnLoadMethodAttributes (596ms)
			AfterProcessingInitializeOnLoad (10ms)
			EditorAssembliesLoaded (0ms)
		ExecutionOrderSort2 (0ms)
		AwakeInstancesAfterBackupRestoration (9ms)
Launched and connected shader compiler UnityShaderCompiler.exe after 0.05 seconds
Refreshing native plugins compatible for Editor in 2.11 ms, found 4 plugins.
Preloading 0 native plugins for Editor in 0.00 ms.
Unloading 205 Unused Serialized files (Serialized files now loaded: 0)
Unloading 6547 unused Assets / (4.6 MB). Loaded Objects now: 7225.
Memory consumption went from 169.0 MB to 164.3 MB.
Total: 23.192500 ms (FindLiveObjects: 2.612900 ms CreateObjectMapping: 1.701200 ms MarkObjects: 12.116100 ms  DeleteObjects: 6.758000 ms)

========================================================================
Received Import Request.
  Time since last request: 8485.313524 seconds.
  path: Assets/UniversalRenderPipelineGlobalSettings.asset
  artifactKey: Guid(93b439a37f63240aca3dd4e01d978a9f) Importer(815301076,1909f56bfc062723c751e8b465ee728b)
Start importing Assets/UniversalRenderPipelineGlobalSettings.asset using Guid(93b439a37f63240aca3dd4e01d978a9f) Importer(815301076,1909f56bfc062723c751e8b465ee728b) (PreviewImporter) -> (artifact id: '4f0d5d03d74b77308212ec6793698abc') in 0.160362 seconds
Number of updated asset objects reloaded before import = 0Number of asset objects unloaded after import = 0

========================================================================
Received Import Request.
  Time since last request: 0.000031 seconds.
  path: Assets/DefaultVolumeProfile.asset
  artifactKey: Guid(3f9215ea0144899419cfbc0957140d3f) Importer(815301076,1909f56bfc062723c751e8b465ee728b)
Start importing Assets/DefaultVolumeProfile.asset using Guid(3f9215ea0144899419cfbc0957140d3f) Importer(815301076,1909f56bfc062723c751e8b465ee728b) (PreviewImporter) -> (artifact id: '1e3ee85287093c2e01e2184a29fd3edf') in 0.0046 seconds
Number of updated asset objects reloaded before import = 0Number of asset objects unloaded after import = 0

========================================================================
Received Import Request.
  Time since last request: 1836.101825 seconds.
  path: Assets/Textures/Snowflakes/Sprite Sheet/1024X1024.png
  artifactKey: Guid(200f691c386978948b95cfcd9ddb0b95) Importer(815301076,1909f56bfc062723c751e8b465ee728b)
Start importing Assets/Textures/Snowflakes/Sprite Sheet/1024X1024.png using Guid(200f691c386978948b95cfcd9ddb0b95) Importer(815301076,1909f56bfc062723c751e8b465ee728b) (PreviewImporter) -> (artifact id: '0d3c555748dcaae4e7730e37035c8c8e') in 1.9526478 seconds
Number of updated asset objects reloaded before import = 0Number of asset objects unloaded after import = 3

========================================================================
Received Import Request.
  Time since last request: 78.416858 seconds.
  path: Assets/Textures/Snowflakes/32X32/2.png
  artifactKey: Guid(3329b9c657355c54e825f404142d8cbb) Importer(815301076,1909f56bfc062723c751e8b465ee728b)
Start importing Assets/Textures/Snowflakes/32X32/2.png using Guid(3329b9c657355c54e825f404142d8cbb) Importer(815301076,1909f56bfc062723c751e8b465ee728b) (PreviewImporter) -> (artifact id: '91c0ebfd0bced7cd4cec93eb54a5fd78') in 0.039669 seconds
Number of updated asset objects reloaded before import = 0Number of asset objects unloaded after import = 3

========================================================================
Received Import Request.
  Time since last request: 0.000020 seconds.
  path: Assets/Textures/Snowflakes/32X32/4.png
  artifactKey: Guid(76603282e85c5d249a63f4ff854e17ae) Importer(815301076,1909f56bfc062723c751e8b465ee728b)
Start importing Assets/Textures/Snowflakes/32X32/4.png using Guid(76603282e85c5d249a63f4ff854e17ae) Importer(815301076,1909f56bfc062723c751e8b465ee728b) (PreviewImporter) -> (artifact id: 'ec70888aa458124651e14c73703570f9') in 0.0275922 seconds
Number of updated asset objects reloaded before import = 0Number of asset objects unloaded after import = 3

========================================================================
Received Import Request.
  Time since last request: 0.000022 seconds.
  path: Assets/Textures/Snowflakes/32X32/16.png
  artifactKey: Guid(cd7a6c30cc898684f89a29b65564992d) Importer(815301076,1909f56bfc062723c751e8b465ee728b)
Start importing Assets/Textures/Snowflakes/32X32/16.png using Guid(cd7a6c30cc898684f89a29b65564992d) Importer(815301076,1909f56bfc062723c751e8b465ee728b) (PreviewImporter) -> (artifact id: '0ddfad1166147ee4e88b576965853535') in 0.0284973 seconds
Number of updated asset objects reloaded before import = 0Number of asset objects unloaded after import = 3

========================================================================
Received Import Request.
  Time since last request: 0.000029 seconds.
  path: Assets/Textures/Snowflakes/32X32/8.png
  artifactKey: Guid(c3d880235bb8b784494cc21c0cdccc9b) Importer(815301076,1909f56bfc062723c751e8b465ee728b)
Start importing Assets/Textures/Snowflakes/32X32/8.png using Guid(c3d880235bb8b784494cc21c0cdccc9b) Importer(815301076,1909f56bfc062723c751e8b465ee728b) (PreviewImporter) -> (artifact id: 'c592d00806f465dd974364f9db9bd201') in 0.0323811 seconds
Number of updated asset objects reloaded before import = 0Number of asset objects unloaded after import = 3

========================================================================
Received Import Request.
  Time since last request: 0.000049 seconds.
  path: Assets/Textures/Snowflakes/32X32/6.png
  artifactKey: Guid(29380666fb70fd84bb8781eda8d73e5b) Importer(815301076,1909f56bfc062723c751e8b465ee728b)
Start importing Assets/Textures/Snowflakes/32X32/6.png using Guid(29380666fb70fd84bb8781eda8d73e5b) Importer(815301076,1909f56bfc062723c751e8b465ee728b) (PreviewImporter) -> (artifact id: '6e22379fa1694868bf98a60b2abb28e2') in 0.0244416 seconds
Number of updated asset objects reloaded before import = 0Number of asset objects unloaded after import = 3

========================================================================
Received Import Request.
  Time since last request: 0.000022 seconds.
  path: Assets/Textures/Snowflakes/32X32/9.png
  artifactKey: Guid(e5d3678d3a0bc414b9af4d287d2b09a6) Importer(815301076,1909f56bfc062723c751e8b465ee728b)
Start importing Assets/Textures/Snowflakes/32X32/9.png using Guid(e5d3678d3a0bc414b9af4d287d2b09a6) Importer(815301076,1909f56bfc062723c751e8b465ee728b) (PreviewImporter) -> (artifact id: '2b0ad3b27ed11cb6186e8121ecac2dbb') in 0.0250037 seconds
Number of updated asset objects reloaded before import = 0Number of asset objects unloaded after import = 3

========================================================================
Received Import Request.
  Time since last request: 0.000025 seconds.
  path: Assets/Textures/Snowflakes/32X32/3.png
  artifactKey: Guid(7f1fc1aa5d958b94f8d5e034bb2a8050) Importer(815301076,1909f56bfc062723c751e8b465ee728b)
Start importing Assets/Textures/Snowflakes/32X32/3.png using Guid(7f1fc1aa5d958b94f8d5e034bb2a8050) Importer(815301076,1909f56bfc062723c751e8b465ee728b) (PreviewImporter) -> (artifact id: '9dce71814a79bb5beff2edbe960e37ae') in 0.0298418 seconds
Number of updated asset objects reloaded before import = 0Number of asset objects unloaded after import = 3

========================================================================
Received Import Request.
  Time since last request: 0.000024 seconds.
  path: Assets/Textures/Snowflakes/32X32/5.png
  artifactKey: Guid(63cc144eab8975c438a6a20465fdbe05) Importer(815301076,1909f56bfc062723c751e8b465ee728b)
Start importing Assets/Textures/Snowflakes/32X32/5.png using Guid(63cc144eab8975c438a6a20465fdbe05) Importer(815301076,1909f56bfc062723c751e8b465ee728b) (PreviewImporter) -> (artifact id: '82a5aa3eec98664b0fb30efe5cb4d12c') in 0.0286462 seconds
Number of updated asset objects reloaded before import = 0Number of asset objects unloaded after import = 3

========================================================================
Received Import Request.
  Time since last request: 2.756560 seconds.
  path: Assets/Textures/Snowflakes/64X64/7.png
  artifactKey: Guid(2cb48ce4036cee94899ac5ba8d5f007b) Importer(815301076,1909f56bfc062723c751e8b465ee728b)
Start importing Assets/Textures/Snowflakes/64X64/7.png using Guid(2cb48ce4036cee94899ac5ba8d5f007b) Importer(815301076,1909f56bfc062723c751e8b465ee728b) (PreviewImporter) -> (artifact id: 'e5be606a675ea13446cd272572b52b48') in 0.0279421 seconds
Number of updated asset objects reloaded before import = 0Number of asset objects unloaded after import = 3

========================================================================
Received Import Request.
  Time since last request: 0.000031 seconds.
  path: Assets/Textures/Snowflakes/64X64/14.png
  artifactKey: Guid(c9f62c9eb96b072419a3414ad31a1590) Importer(815301076,1909f56bfc062723c751e8b465ee728b)
Start importing Assets/Textures/Snowflakes/64X64/14.png using Guid(c9f62c9eb96b072419a3414ad31a1590) Importer(815301076,1909f56bfc062723c751e8b465ee728b) (PreviewImporter) -> (artifact id: '7a48a39d2578a1c68a596506625e2653') in 0.0295121 seconds
Number of updated asset objects reloaded before import = 0Number of asset objects unloaded after import = 3

========================================================================
Received Import Request.
  Time since last request: 0.000034 seconds.
  path: Assets/Textures/Snowflakes/64X64/12.png
  artifactKey: Guid(4cd6f1cdd271ba64a8e4cc8a06e9fefc) Importer(815301076,1909f56bfc062723c751e8b465ee728b)
Start importing Assets/Textures/Snowflakes/64X64/12.png using Guid(4cd6f1cdd271ba64a8e4cc8a06e9fefc) Importer(815301076,1909f56bfc062723c751e8b465ee728b) (PreviewImporter) -> (artifact id: '1a09620035ba5ed4040e0a58c5091bf6') in 0.0241531 seconds
Number of updated asset objects reloaded before import = 0Number of asset objects unloaded after import = 3

========================================================================
Received Import Request.
  Time since last request: 0.000031 seconds.
  path: Assets/Textures/Snowflakes/64X64/9.png
  artifactKey: Guid(ad14c07a8ebb41345843ae43d5cf4258) Importer(815301076,1909f56bfc062723c751e8b465ee728b)
Start importing Assets/Textures/Snowflakes/64X64/9.png using Guid(ad14c07a8ebb41345843ae43d5cf4258) Importer(815301076,1909f56bfc062723c751e8b465ee728b) (PreviewImporter) -> (artifact id: '8c4ec4b70ccd141ee57f19363fcdeea4') in 0.0281776 seconds
Number of updated asset objects reloaded before import = 0Number of asset objects unloaded after import = 3

========================================================================
Received Import Request.
  Time since last request: 0.000027 seconds.
  path: Assets/Textures/Snowflakes/64X64/8.png
  artifactKey: Guid(434cb7f77fc84024e8b95a4896edb4b7) Importer(815301076,1909f56bfc062723c751e8b465ee728b)
Start importing Assets/Textures/Snowflakes/64X64/8.png using Guid(434cb7f77fc84024e8b95a4896edb4b7) Importer(815301076,1909f56bfc062723c751e8b465ee728b) (PreviewImporter) -> (artifact id: 'c6dc4acf38c42c6e3f1c529956584bc7') in 0.0293582 seconds
Number of updated asset objects reloaded before import = 0Number of asset objects unloaded after import = 3

========================================================================
Received Import Request.
  Time since last request: 0.000020 seconds.
  path: Assets/Textures/Snowflakes/64X64/15.png
  artifactKey: Guid(6845a3c9dbef56c46a9eb52616504dee) Importer(815301076,1909f56bfc062723c751e8b465ee728b)
Start importing Assets/Textures/Snowflakes/64X64/15.png using Guid(6845a3c9dbef56c46a9eb52616504dee) Importer(815301076,1909f56bfc062723c751e8b465ee728b) (PreviewImporter) -> (artifact id: '1443c0bce9b4a68fc7ae2538028401d1') in 0.0259847 seconds
Number of updated asset objects reloaded before import = 0Number of asset objects unloaded after import = 3

========================================================================
Received Import Request.
  Time since last request: 0.530024 seconds.
  path: Assets/Textures/Snowflakes/64X64/2.png
  artifactKey: Guid(1168ff0c70786034ab2809b5f3408825) Importer(815301076,1909f56bfc062723c751e8b465ee728b)
Start importing Assets/Textures/Snowflakes/64X64/2.png using Guid(1168ff0c70786034ab2809b5f3408825) Importer(815301076,1909f56bfc062723c751e8b465ee728b) (PreviewImporter) -> (artifact id: 'd44ac937672ec83261813fdf3bc6d29f') in 0.0298025 seconds
Number of updated asset objects reloaded before import = 0Number of asset objects unloaded after import = 3

========================================================================
Received Import Request.
  Time since last request: 0.000015 seconds.
  path: Assets/Textures/Snowflakes/64X64/4.png
  artifactKey: Guid(fee011b4d1581ec45aa26979f07dd71a) Importer(815301076,1909f56bfc062723c751e8b465ee728b)
Start importing Assets/Textures/Snowflakes/64X64/4.png using Guid(fee011b4d1581ec45aa26979f07dd71a) Importer(815301076,1909f56bfc062723c751e8b465ee728b) (PreviewImporter) -> (artifact id: '91e06ae3b22c33e7e7cf2fb742371216') in 0.0253928 seconds
Number of updated asset objects reloaded before import = 0Number of asset objects unloaded after import = 3

========================================================================
Received Import Request.
  Time since last request: 0.000023 seconds.
  path: Assets/Textures/Snowflakes/64X64/3.png
  artifactKey: Guid(6b2849d2f8649224cbea511669d0185f) Importer(815301076,1909f56bfc062723c751e8b465ee728b)
Start importing Assets/Textures/Snowflakes/64X64/3.png using Guid(6b2849d2f8649224cbea511669d0185f) Importer(815301076,1909f56bfc062723c751e8b465ee728b) (PreviewImporter) -> (artifact id: 'b4c99c178b8a12f8f61be3e09456ebc7') in 0.024502 seconds
Number of updated asset objects reloaded before import = 0Number of asset objects unloaded after import = 3

========================================================================
Received Import Request.
  Time since last request: 250.536186 seconds.
  path: Assets/Settings/Renderer2D.asset
  artifactKey: Guid(424799608f7334c24bf367e4bbfa7f9a) Importer(815301076,1909f56bfc062723c751e8b465ee728b)
Start importing Assets/Settings/Renderer2D.asset using Guid(424799608f7334c24bf367e4bbfa7f9a) Importer(815301076,1909f56bfc062723c751e8b465ee728b) (PreviewImporter) -> (artifact id: '403a0a9c0aeae1e5730532c1b4a28511') in 0.0082067 seconds
Number of updated asset objects reloaded before import = 0Number of asset objects unloaded after import = 0

========================================================================
Received Import Request.
  Time since last request: 0.000041 seconds.
  path: Assets/Settings/UniversalRP.asset
  artifactKey: Guid(681886c5eb7344803b6206f758bf0b1c) Importer(815301076,1909f56bfc062723c751e8b465ee728b)
Start importing Assets/Settings/UniversalRP.asset using Guid(681886c5eb7344803b6206f758bf0b1c) Importer(815301076,1909f56bfc062723c751e8b465ee728b) (PreviewImporter) -> (artifact id: '910a3316ce45b604f98c2ad003aa3cfb') in 0.0019379 seconds
Number of updated asset objects reloaded before import = 0Number of asset objects unloaded after import = 0

